0 info it worked if it ends with ok
1 verbose cli [ '/home/ec2-user/.nvm/versions/node/v6.16.0/bin/node',
1 verbose cli   '/home/ec2-user/.nvm/versions/node/v6.16.0/bin/npm',
1 verbose cli   'run',
1 verbose cli   'fa67dc6827d7' ]
2 info using npm@3.10.10
3 info using node@v6.16.0
4 verbose stack Error: missing script: fa67dc6827d7
4 verbose stack     at run (/home/ec2-user/.nvm/versions/node/v6.16.0/lib/node_modules/npm/lib/run-script.js:151:19)
4 verbose stack     at /home/ec2-user/.nvm/versions/node/v6.16.0/lib/node_modules/npm/lib/run-script.js:61:5
4 verbose stack     at /home/ec2-user/.nvm/versions/node/v6.16.0/lib/node_modules/npm/node_modules/read-package-json/read-json.js:356:5
4 verbose stack     at checkBinReferences_ (/home/ec2-user/.nvm/versions/node/v6.16.0/lib/node_modules/npm/node_modules/read-package-json/read-json.js:320:45)
4 verbose stack     at final (/home/ec2-user/.nvm/versions/node/v6.16.0/lib/node_modules/npm/node_modules/read-package-json/read-json.js:354:3)
4 verbose stack     at then (/home/ec2-user/.nvm/versions/node/v6.16.0/lib/node_modules/npm/node_modules/read-package-json/read-json.js:124:5)
4 verbose stack     at ReadFileContext.<anonymous> (/home/ec2-user/.nvm/versions/node/v6.16.0/lib/node_modules/npm/node_modules/read-package-json/read-json.js:295:20)
4 verbose stack     at ReadFileContext.callback (/home/ec2-user/.nvm/versions/node/v6.16.0/lib/node_modules/npm/node_modules/graceful-fs/graceful-fs.js:78:16)
4 verbose stack     at FSReqWrap.readFileAfterOpen [as oncomplete] (fs.js:367:13)
5 verbose cwd /home/ec2-user/environment/simpleWeb
6 error Linux 4.14.97-74.72.amzn1.x86_64
7 error argv "/home/ec2-user/.nvm/versions/node/v6.16.0/bin/node" "/home/ec2-user/.nvm/versions/node/v6.16.0/bin/npm" "run" "fa67dc6827d7"
8 error node v6.16.0
9 error npm  v3.10.10
10 error missing script: fa67dc6827d7
11 error If you need help, you may report this error at:
11 error     <https://github.com/npm/npm/issues>
12 verbose exit [ 1, true ]
